\BOOKMARK [1][-]{section.1}{Hierarchical\040Temporal\040Memory}{}% 1
\BOOKMARK [2][-]{subsection.1.1}{Το πρόβλημα της πρόβλεψης ακολουθιών}{section.1}% 2
\BOOKMARK [2][-]{subsection.1.2}{Sparse\040Distributed\040Representations}{section.1}% 3
\BOOKMARK [3][-]{subsubsection.1.2.1}{Χωρητικότητα SDR}{subsection.1.2}% 4
\BOOKMARK [3][-]{subsubsection.1.2.2}{Συνδυασμοί SDR}{subsection.1.2}% 5
\BOOKMARK [3][-]{subsubsection.1.2.3}{Σύνολα SDR}{subsection.1.2}% 6
\BOOKMARK [2][-]{subsection.1.3}{Hierarchical\040Temporal\040Memory\040\(Numenta\)\040Overview}{section.1}% 7
\BOOKMARK [3][-]{subsubsection.1.3.1}{Μοντέλο νευρώνα}{subsection.1.3}% 8
\BOOKMARK [3][-]{subsubsection.1.3.2}{Μοντέλο δικτύου}{subsection.1.3}% 9
\BOOKMARK [3][-]{subsubsection.1.3.3}{Encoders}{subsection.1.3}% 10
\BOOKMARK [2][-]{subsection.1.4}{Βασικές λειτουργίες HTM}{section.1}% 11
\BOOKMARK [3][-]{subsubsection.1.4.1}{Sequence\040Memory}{subsection.1.4}% 12
\BOOKMARK [2][-]{subsection.1.5}{Αποτελέσματα - Προσομοιώσεις}{section.1}% 13
\BOOKMARK [3][-]{subsubsection.1.5.1}{Πρόβλεψη συμβόλου ακολουθίας}{subsection.1.5}% 14
\BOOKMARK [3][-]{subsubsection.1.5.2}{Πρόβλεψη της ζήτησης taxi στη Νέα Υόρκη}{subsection.1.5}% 15
\BOOKMARK [1][-]{section.2}{Neuromorphic\040processors\040and\040hardware\040HTM}{}% 16
\BOOKMARK [2][-]{subsection.2.1}{SpiNNaker}{section.2}% 17
\BOOKMARK [3][-]{subsubsection.2.1.1}{Αρχιτεκτονική Συστήματος}{subsection.2.1}% 18
\BOOKMARK [3][-]{subsubsection.2.1.2}{Επίδοση SpiNNaker}{subsection.2.1}% 19
\BOOKMARK [2][-]{subsection.2.2}{BrainScaleS\040Project\040\(BSS\)}{section.2}% 20
\BOOKMARK [3][-]{subsubsection.2.2.1}{Αρχιτεκτονική Συστήματος}{subsection.2.2}% 21
\BOOKMARK [3][-]{subsubsection.2.2.2}{Adaptive\040Exponential\040\(AdEx\)\040Neuron\040Model}{subsection.2.2}% 22
\BOOKMARK [3][-]{subsubsection.2.2.3}{Υλοποιήσεις λειτουργιών HTM στο BSS}{subsection.2.2}% 23
\BOOKMARK [1][-]{section.3}{Βιβλιογραφία}{}% 24
